app/build/outputs/mapping/release/configuration.txt
# The proguard configuration file for the following section is release/processReleaseResources/aapt_rules.txt
-keep class androidx.core.app.CoreComponentFactory { <init>(); }
-keep class androidx.profileinstaller.ProfileInstallReceiver { <init>(); }
-keep class androidx.room.MultiInstanceInvalidationService { <init>(); }
-keep class androidx.startup.InitializationProvider { <init>(); }
-keep class androidx.work.impl.background.systemalarm.ConstraintProxy$BatteryChargingProxy { <init>(); }
-keep class androidx.work.impl.background.systemalarm.ConstraintProxy$BatteryNotLowProxy { <init>(); }
-keep class androidx.work.impl.background.systemalarm.ConstraintProxy$NetworkStateProxy { <init>(); }
-keep class androidx.work.impl.background.systemalarm.ConstraintProxy$StorageNotLowProxy { <init>(); }
-keep class androidx.work.impl.background.systemalarm.ConstraintProxyUpdateReceiver { <init>(); }
-keep class androidx.work.impl.background.systemalarm.RescheduleReceiver { <init>(); }
-keep class androidx.work.impl.background.systemalarm.SystemAlarmService { <init>(); }
-keep class androidx.work.impl.background.systemjob.SystemJobService { <init>(); }
-keep class androidx.work.impl.diagnostics.DiagnosticsReceiver { <init>(); }
-keep class androidx.work.impl.foreground.SystemForegroundService { <init>(); }
-keep class androidx.work.impl.utils.ForceStopRunnable$BroadcastReceiver { <init>(); }
-keep class com.hydra.app.HydraApp { <init>(); }
-keep class com.hydra.app.MainActivity { <init>(); }
-keep class com.hydra.app.service.BootReceiver { <init>(); }
-keep class com.hydra.app.service.NotificationActionReceiver { <init>(); }
-keep class com.hydra.app.service.ReminderAlarmReceiver { <init>(); }
-keep class com.hydra.app.service.ReminderForegroundService { <init>(); }

# End of content from release/processReleaseResources/aapt_rules.txt
# The proguard configuration file for the following section is Android Gradle plugin 9.2.1 (extracted file: /home/nirmal/AndroidStudioProjects/Hydra/app/build/intermediates/default_proguard_files/global/proguard-android-optimize.txt-9.2.1)
# This is a configuration file for ProGuard.
# http://proguard.sourceforge.net/index.html#manual/usage.html
#
# Starting with version 2.2 of the Android plugin for Gradle, this file is distributed together with
# the plugin and unpacked at build-time. The files in $ANDROID_HOME are no longer maintained and
# will be ignored by new version of the Android plugin for Gradle.

# Optimizations: If you don't want to optimize, use the proguard-android.txt configuration file
# instead of this one, which turns off the optimization flags.
-allowaccessmodification

# Preserve some attributes that may be required for reflection.
-keepattributes AnnotationDefault,
                EnclosingMethod,
                InnerClasses,
                RuntimeVisibleAnnotations,
                RuntimeVisibleParameterAnnotations,
                RuntimeVisibleTypeAnnotations,
                Signature

-keep public class com.google.vending.licensing.ILicensingService
-keep public class com.android.vending.licensing.ILicensingService
-keep public class com.google.android.vending.licensing.ILicensingService
-dontnote com.android.vending.licensing.ILicensingService
-dontnote com.google.vending.licensing.ILicensingService
-dontnote com.google.android.vending.licensing.ILicensingService

# For native methods, see https://www.guardsquare.com/manual/configuration/examples#native
-keepclasseswithmembernames,includedescriptorclasses class * {
    native <methods>;
}

# Keep setters in Views so that animations can still work.
-keepclassmembers public class * extends android.view.View {
    void set*(***);
    *** get*();
}

# We want to keep methods in Activity that could be used in the XML attribute onClick.
-keepclassmembers class * extends android.app.Activity {
    public void *(android.view.View);
}

# For enumeration classes, see https://www.guardsquare.com/manual/configuration/examples#enumerations
-keepclassmembers enum * {
    public static **[] values();
    public static ** valueOf(java.lang.String);
}

-keepclassmembers class * implements android.os.Parcelable {
    public static final ** CREATOR;
}

# Preserve annotated Javascript interface methods.
-keepclassmembers class * {
    @android.webkit.JavascriptInterface <methods>;
}

# The support libraries contains references to newer platform versions.
# Don't warn about those in case this app is linking against an older
# platform version. We know about them, and they are safe.
-dontnote android.support.**
-dontnote androidx.**
-dontwarn android.support.**
-dontwarn androidx.**

# Understand the @Keep support annotation.
-keep class android.support.annotation.Keep

-keep @android.support.annotation.Keep class * {*;}

-keepclasseswithmembers class * {
    @android.support.annotation.Keep <methods>;
}

-keepclasseswithmembers class * {
    @android.support.annotation.Keep <fields>;
}

-keepclasseswithmembers class * {
    @android.support.annotation.Keep <init>(...);
}

# These classes are duplicated between android.jar and org.apache.http.legacy.jar.
-dontnote org.apache.http.**
-dontnote android.net.http.**

# These classes are duplicated between android.jar and core-lambda-stubs.jar.
-dontnote java.lang.invoke.**

# End of content from Android Gradle plugin 9.2.1 (extracted file: /home/nirmal/AndroidStudioProjects/Hydra/app/build/intermediates/default_proguard_files/global/proguard-android-optimize.txt-9.2.1)
# The proguard configuration file for the following section is Hydra/app/proguard-rules.pro
# Add project specific ProGuard rules here.
# By default, the flags in this file are appended to flags specified
# in in the Android SDK default Proguard rules file.

# Preserve Kotlin data classes for Room/Datastore reflection if necessary,
# but R8 usually handles this well with standard libraries.

-keepattributes *Annotation*
-keepattributes Signature
-keepattributes InnerClasses

# Preserve line numbers for crash reporting
-keepattributes SourceFile,LineNumberTable
-renamesourcefileattribute SourceFile

# End of content from Hydra/app/proguard-rules.pro
# The proguard configuration file for the following section is androidx.work:work-runtime:2.10.1 (extracted file: /home/nirmal/.gradle/caches/9.4.1/transforms/b9e8985855a439c6c430af8c9350c287/transformed/work-runtime-2.10.1/proguard.txt)
# Keep ListenableWorker / Worker if not removed during shrinking
-keepnames class * extends androidx.work.ListenableWorker
# Keep all constructors on ListenableWorker, Worker if class is kept
-keepclassmembers public class * extends androidx.work.ListenableWorker {
    public <init>(...);
}

# We need to keep WorkerParameters for the ListenableWorker constructor that is used by the
# default instantiation strategy in WorkerFactory.
-keep class androidx.work.WorkerParameters

# Keep InputMerger if not removed during shrinking
-keepnames class * extends androidx.work.InputMerger
# Keep constructor on InputMerger if class is kept
-keepclassmembers class * extends androidx.work.InputMerger { void <init>(); }

# End of content from androidx.work:work-runtime:2.10.1 (extracted file: /home/nirmal/.gradle/caches/9.4.1/transforms/b9e8985855a439c6c430af8c9350c287/transformed/work-runtime-2.10.1/proguard.txt)
# The proguard configuration file for the following section is androidx.navigation:navigation-runtime-android:2.9.0 (extracted file: /home/nirmal/.gradle/caches/9.4.1/transforms/0880402da7caf48233049eb317a9a3a3/transformed/navigation-runtime-release/proguard.txt)
# Intentionally empty proguard rules to indicate this library is safe to shrink

# End of content from androidx.navigation:navigation-runtime-android:2.9.0 (extracted file: /home/nirmal/.gradle/caches/9.4.1/transforms/0880402da7caf48233049eb317a9a3a3/transformed/navigation-runtime-release/proguard.txt)
# The proguard configuration file for the following section is androidx.navigation:navigation-common-android:2.9.0 (extracted file: /home/nirmal/.gradle/caches/9.4.1/transforms/a6c92fe7ccd5496315116c26cb857f8f/transformed/navigation-common-release/proguard.txt)
# Copyright (C) 2019 The Android Open Source Project
#
# Licensed under the Apache License, Version 2.0 (the "License");
# you may not use this file except in compliance with the License.
# You may obtain a copy of the License at
#
#      http://www.apache.org/licenses/LICENSE-2.0
#
# Unless required by applicable law or agreed to in writing, software
# distributed under the License is distributed on an "AS IS" BASIS,
# WITHOUT WARRANTIES OR CONDITIONS OF ANY KIND, either express or implied.
# See the License for the specific language governing permissions and
# limitations under the License.

# NavArgsLazy creates NavArgs instances using reflection
-if public class ** implements androidx.navigation.NavArgs
-keepclassmembers public class <1> {
    ** fromBundle(android.os.Bundle);
}

# Retain the @Navigator.Name annotation on each subclass of Navigator.
# R8 full mode only retains annotations on items matched by a -keep rule,
# hence the extra -keep rule for the subclasses of Navigator.
#
# A -keep rule for the Navigator.Name annotation class is not required
# since the annotation is referenced from the code.
-keepattributes RuntimeVisibleAnnotations
-keep,allowobfuscation,allowshrinking class * extends androidx.navigation.Navigator

# End of content from androidx.navigation:navigation-common-android:2.9.0 (extracted file: /home/nirmal/.gradle/caches/9.4.1/transforms/a6c92fe7ccd5496315116c26cb857f8f/transformed/navigation-common-release/proguard.txt)
# The proguard configuration file for the following section is androidx.navigation:navigation-compose-android:2.9.0 (extracted file: /home/nirmal/.gradle/caches/9.4.1/transforms/f82cad44a8ef058970c8fd2cf951def1/transformed/navigation-compose-release/proguard.txt)
# Intentionally empty proguard rules to indicate this library is safe to shrink

# End of content from androidx.navigation:navigation-compose-android:2.9.0 (extracted file: /home/nirmal/.gradle/caches/9.4.1/transforms/f82cad44a8ef058970c8fd2cf951def1/transformed/navigation-compose-release/proguard.txt)
# The proguard configuration file for the following section is androidx.compose.material3:material3-android:1.4.0 (extracted file: /home/nirmal/.gradle/caches/9.4.1/transforms/342c016472175fde34e13819578473a4/transformed/material3/proguard.txt)
# Intentionally empty proguard rules to indicate this library is safe to shrink

# End of content from androidx.compose.material3:material3-android:1.4.0 (extracted file: /home/nirmal/.gradle/caches/9.4.1/transforms/342c016472175fde34e13819578473a4/transformed/material3/proguard.txt)
# The proguard configuration file for the following section is androidx.compose.animation:animation-core-android:1.10.4 (extracted file: /home/nirmal/.gradle/caches/9.4.1/transforms/ce3dc7c38968d319f80d723767f5f78b/transformed/animation-core/proguard.txt)
# Copyright (C) 2020 The Android Open Source Project
#
# Licensed under the Apache License, Version 2.0 (the "License");
# you may not use this file except in compliance with the License.
# You may obtain a copy of the License at
#
#      http://www.apache.org/licenses/LICENSE-2.0
#
# Unless required by applicable law or agreed to in writing, software
# distributed under the License is distributed on an "AS IS" BASIS,
# WITHOUT WARRANTIES OR CONDITIONS OF ANY KIND, either express or implied.
# See the License for the specific language governing permissions and
# limitations under the License.

# Keep all the functions created to throw an exception. We don't want these functions to be
# inlined in any way, which R8 will do by default. The whole point of these functions is to
# reduce the amount of code generated at the call site.
-keepclassmembers,allowshrinking,allowobfuscation class androidx.compose.**.* {
    static void throw*Exception(...);
    static void throw*ExceptionForNullCheck(...);
    # For methods returning Nothing
    static java.lang.Void throw*Exception(...);
    static java.lang.Void throw*ExceptionForNullCheck(...);
}

# End of content from androidx.compose.animation:animation-core-android:1.10.4 (extracted file: /home/nirmal/.gradle/caches/9.4.1/transforms/ce3dc7c38968d319f80d723767f5f78b/transformed/animation-core/proguard.txt)
# The proguard configuration file for the following section is androidx.compose.material:material-ripple-android:1.10.4 (extracted file: /home/nirmal/.gradle/caches/9.4.1/transforms/8fd8f73d46041ce24c7f76c69906a1b1/transformed/material-ripple/proguard.txt)
# Intentionally empty proguard rules to indicate this library is safe to shrink

# End of content from androidx.compose.material:material-ripple-android:1.10.4 (extracted file: /home/nirmal/.gradle/caches/9.4.1/transforms/8fd8f73d46041ce24c7f76c69906a1b1/transformed/material-ripple/proguard.txt)
# The proguard configuration file for the following section is androidx.compose.animation:animation-android:1.10.4 (extracted file: /home/nirmal/.gradle/caches/9.4.1/transforms/10568f08a42239427e1dc1612e59cd19/transformed/animation/proguard.txt)
# Intentionally empty proguard rules to indicate this library is safe to shrink

# End of content from androidx.compose.animation:animation-android:1.10.4 (extracted file: /home/nirmal/.gradle/caches/9.4.1/transforms/10568f08a42239427e1dc1612e59cd19/transformed/animation/proguard.txt)
# The proguard configuration file for the following section is androidx.compose.foundation:foundation-layout-android:1.10.4 (extracted file: /home/nirmal/.gradle/caches/9.4.1/transforms/08498169b1baa6d8a300a93c2edfff40/transformed/foundation-layout/proguard.txt)
# Copyright (C) 2020 The Android Open Source Project
#
# Licensed under the Apache License, Version 2.0 (the "License");
# you may not use this file except in compliance with the License.
# You may obtain a copy of the License at
#
#      http://www.apache.org/licenses/LICENSE-2.0
#
# Unless required by applicable law or agreed to in writing, software
# distributed under the License is distributed on an "AS IS" BASIS,
# WITHOUT WARRANTIES OR CONDITIONS OF ANY KIND, either express or implied.
# See the License for the specific language governing permissions and
# limitations under the License.

# Keep all the functions created to throw an exception. We don't want these functions to be
# inlined in any way, which R8 will do by default. The whole point of these functions is to
# reduce the amount of code generated at the call site.
-keepclassmembers,allowshrinking,allowobfuscation class androidx.compose.**.* {
    static void throw*Exception(...);
    static void throw*ExceptionForNullCheck(...);
    # For methods returning Nothing
    static java.lang.Void throw*Exception(...);
    static java.lang.Void throw*ExceptionForNullCheck(...);
}

# End of content from androidx.compose.foundation:foundation-layout-android:1.10.4 (extracted file: /home/nirmal/.gradle/caches/9.4.1/transforms/08498169b1baa6d8a300a93c2edfff40/transformed/foundation-layout/proguard.txt)
# The proguard configuration file for the following section is androidx.compose.foundation:foundation-android:1.10.4 (extracted file: /home/nirmal/.gradle/caches/9.4.1/transforms/3d78b5ad0975a6625fef0dff2a839b39/transformed/foundation/proguard.txt)
# Copyright (C) 2020 The Android Open Source Project
#
# Licensed under the Apache License, Version 2.0 (the "License");
# you may not use this file except in compliance with the License.
# You may obtain a copy of the License at
#
#      http://www.apache.org/licenses/LICENSE-2.0
#
# Unless required by applicable law or agreed to in writing, software
# distributed under the License is distributed on an "AS IS" BASIS,
# WITHOUT WARRANTIES OR CONDITIONS OF ANY KIND, either express or implied.
# See the License for the specific language governing permissions and
# limitations under the License.

# Keep all the functions created to throw an exception. We don't want these functions to be
# inlined in any way, which R8 will do by default. The whole point of these functions is to
# reduce the amount of code generated at the call site.
-keepclassmembers,allowshrinking,allowobfuscation class androidx.compose.**.* {
    static void throw*Exception(...);
    # For methods returning Nothing
    static java.lang.Void throw*Exception(...);
}


# End of content from androidx.compose.foundation:foundation-android:1.10.4 (extracted file: /home/nirmal/.gradle/caches/9.4.1/transforms/3d78b5ad0975a6625fef0dff2a839b39/transformed/foundation/proguard.txt)
# The proguard configuration file for the following section is androidx.compose.ui:ui-unit-android:1.10.4 (extracted file: /home/nirmal/.gradle/caches/9.4.1/transforms/d89c6eda2badf81786f079006a0af7cd/transformed/ui-unit/proguard.txt)
# Copyright (C) 2020 The Android Open Source Project
#
# Licensed under the Apache License, Version 2.0 (the "License");
# you may not use this file except in compliance with the License.
# You may obtain a copy of the License at
#
#      http://www.apache.org/licenses/LICENSE-2.0
#
# Unless required by applicable law or agreed to in writing, software
# distributed under the License is distributed on an "AS IS" BASIS,
# WITHOUT WARRANTIES OR CONDITIONS OF ANY KIND, either express or implied.
# See the License for the specific language governing permissions and
# limitations under the License.

# Keep all the functions created to throw an exception. We don't want these functions to be
# inlined in any way, which R8 will do by default. The whole point of these functions is to
# reduce the amount of code generated at the call site.
-keepclassmembers,allowshrinking,allowobfuscation class androidx.compose.**.* {
    static void throw*Exception(...);
    static void throw*ExceptionForNullCheck(...);
    # For methods returning Nothing
    static java.lang.Void throw*Exception(...);
    static java.lang.Void throw*ExceptionForNullCheck(...);
}

# End of content from androidx.compose.ui:ui-unit-android:1.10.4 (extracted file: /home/nirmal/.gradle/caches/9.4.1/transforms/d89c6eda2badf81786f079006a0af7cd/transformed/ui-unit/proguard.txt)
# The proguard configuration file for the following section is androidx.compose.ui:ui-geometry-android:1.10.4 (extracted file: /home/nirmal/.gradle/caches/9.4.1/transforms/1f045e1ee01ef5f3259a4ef20c935afa/transformed/ui-geometry/proguard.txt)
# Intentionally empty proguard rules to indicate this library is safe to shrink

# End of content from androidx.compose.ui:ui-geometry-android:1.10.4 (extracted file: /home/nirmal/.gradle/caches/9.4.1/transforms/1f045e1ee01ef5f3259a4ef20c935afa/transformed/ui-geometry/proguard.txt)
# The proguard configuration file for the following section is androidx.compose.ui:ui-util-android:1.10.4 (extracted file: /home/nirmal/.gradle/caches/9.4.1/transforms/fb9a3bdf12d254195b20e335c29639ba/transformed/ui-util/proguard.txt)
# Copyright (C) 2020 The Android Open Source Project
#
# Licensed under the Apache License, Version 2.0 (the "License");
# you may not use this file except in compliance with the License.
# You may obtain a copy of the License at
#
#      http://www.apache.org/licenses/LICENSE-2.0
#
# Unless required by applicable law or agreed to in writing, software
# distributed under the License is distributed on an "AS IS" BASIS,
# WITHOUT WARRANTIES OR CONDITIONS OF ANY KIND, either express or implied.
# See the License for the specific language governing permissions and
# limitations under the License.

# Keep all the functions created to throw an exception. We don't want these functions to be
# inlined in any way, which R8 will do by default. The whole point of these functions is to
# reduce the amount of code generated at the call site.
-keepclassmembers,allowshrinking,allowobfuscation class androidx.compose.**.* {
    static void throw*Exception(...);
    static void throw*ExceptionForNullCheck(...);
    # For methods returning Nothing