app/build/outputs/mapping/release/seeds.txt
com.hydra.app.service.BootReceiver
com.hydra.app.service.NotificationActionReceiver
com.hydra.app.data.room.HydraDatabase
com.hydra.app.service.ReminderForegroundService
com.hydra.app.viewmodel.SettingsViewModel
com.hydra.app.MainActivity
com.hydra.app.viewmodel.DashboardViewModel
com.hydra.app.service.ReminderAlarmReceiver
com.hydra.app.data.room.HydraDatabase_Impl
com.hydra.app.viewmodel.HistoryViewModel
com.hydra.app.HydraApp
com.hydra.app.HydraApp: HydraApp()
com.hydra.app.viewmodel.HistoryViewModel: HistoryViewModel(android.app.Application)
com.hydra.app.model.ReminderReason: com.hydra.app.model.ReminderReason valueOf(java.lang.String)
com.hydra.app.navigation.HydraRoute: com.hydra.app.navigation.HydraRoute[] values()
com.hydra.app.service.BootReceiver: BootReceiver()
com.hydra.app.viewmodel.SettingsViewModel: SettingsViewModel(android.app.Application)
com.hydra.app.model.ReminderState: com.hydra.app.model.ReminderState[] values()
com.hydra.app.service.NotificationActionReceiver: NotificationActionReceiver()
com.hydra.app.service.ReminderAlarmReceiver: ReminderAlarmReceiver()
com.hydra.app.data.room.HydraDatabase: HydraDatabase()
com.hydra.app.MainActivity: MainActivity()
com.hydra.app.data.room.HydraDatabase_Impl: HydraDatabase_Impl()
com.hydra.app.service.ReminderForegroundService: ReminderForegroundService()
com.hydra.app.viewmodel.DashboardViewModel: DashboardViewModel(android.app.Application)
com.hydra.app.ui.screens.OnboardingStep: com.hydra.app.ui.screens.OnboardingStep[] values()
com.hydra.app.model.ReminderState: com.hydra.app.model.ReminderState valueOf(java.lang.String)
com.hydra.app.model.ReminderReason: com.hydra.app.model.ReminderReason[] values()
com.hydra.app.ui.screens.OnboardingStep: com.hydra.app.ui.screens.OnboardingStep valueOf(java.lang.String)
com.hydra.app.navigation.HydraRoute: com.hydra.app.navigation.HydraRoute valueOf(java.lang.String)
...
androidx.compose.foundation.layout.IntrinsicSize: androidx.compose.foundation.layout.IntrinsicSize valueOf(java.lang.String)
androidx.work.OverwritingInputMerger: OverwritingInputMerger()
androidx.activity.OnBackPressedDispatcher$Api33Impl: android.window.OnBackInvokedCallback createOnBackInvokedCallback(kotlin.jvm.functions.Function0)
androidx.compose.material3.internal.InputPhase: androidx.compose.material3.internal.InputPhase[] values()
androidx.core.view.WindowInsetsCompat$Impl: androidx.core.graphics.Insets getTappableElementInsets()
androidx.core.view.ViewCompat$Api21Impl$1: android.view.WindowInsets onApplyWindowInsets(android.view.View,android.view.WindowInsets)
androidx.work.impl.utils.ForceStopRunnable$BroadcastReceiver: ForceStopRunnable$BroadcastReceiver()
androidx.lifecycle.ProcessLifecycleOwner$attach$1: void onActivityCreated(android.app.Activity,android.os.Bundle)
androidx.datastore.preferences.protobuf.ProtoSyntax: androidx.datastore.preferences.protobuf.ProtoSyntax valueOf(java.lang.String)
androidx.lifecycle.ProcessLifecycleInitializer: ProcessLifecycleInitializer()
androidx.compose.ui.text.internal.InlineClassHelperKt: void throwIllegalStateException(java.lang.String)
androidx.core.view.WindowInsetsCompat$Impl34: boolean isVisible(int)
androidx.compose.ui.platform.AndroidComposeView: void setContentCaptureManager$ui(androidx.compose.ui.contentcapture.AndroidContentCaptureManager)
androidx.core.view.WindowInsetsCompat$BuilderImpl34: WindowInsetsCompat$BuilderImpl34(androidx.core.view.WindowInsetsCompat)
androidx.core.view.WindowInsetsCompat$Impl: androidx.core.view.WindowInsetsCompat consumeStableInsets()
androidx.compose.runtime.PausedCompositionState: androidx.compose.runtime.PausedCompositionState[] values()
androidx.compose.ui.platform.AndroidComposeView: void setOnViewTreeOwnersAvailable(kotlin.jvm.functions.Function1)
androidx.compose.ui.platform.AbstractComposeView: boolean getShowLayoutBounds()
androidx.lifecycle.ReportFragment: ReportFragment()
androidx.compose.ui.platform.AndroidComposeView: androidx.compose.ui.platform.ClipboardManager getClipboardManager()
androidx.compose.ui.platform.LifecycleRetainedValuesStoreOwner: LifecycleRetainedValuesStoreOwner()
androidx.compose.runtime.ComposerKt: void composeImmediateRuntimeError(java.lang.String)
androidx.compose.ui.platform.AndroidComposeView: androidx.compose.ui.focus.FocusOwner getFocusOwner()
androidx.compose.ui.platform.AndroidComposeViewForceDarkModeQ: void disallowForceDark(android.view.View)
androidx.compose.ui.focus.CustomDestinationResult: androidx.compose.ui.focus.CustomDestinationResult valueOf(java.lang.String)
androidx.core.view.WindowInsetsCompat$Impl: androidx.core.view.WindowInsetsCompat consumeSystemWindowInsets()
androidx.compose.material3.tokens.MotionSchemeKeyTokens: androidx.compose.material3.tokens.MotionSchemeKeyTokens[] values()
androidx.emoji2.text.ConcurrencyHelpers$Handler28Impl: android.os.Handler createAsync(android.os.Looper)
androidx.compose.material3.internal.TextFieldType: androidx.compose.material3.internal.TextFieldType[] values()
androidx.room.Transactor$SQLiteTransactionType: androidx.room.Transactor$SQLiteTransactionType[] values()
androidx.core.view.WindowInsetsCompat$BuilderImpl: WindowInsetsCompat$BuilderImpl()
androidx.work.impl.background.systemalarm.ConstraintProxy$BatteryNotLowProxy: ConstraintProxy$BatteryNotLowProxy()
androidx.lifecycle.Lifecycle$State: androidx.lifecycle.Lifecycle$State[] values()
androidx.compose.ui.platform.AndroidComposeView: androidx.compose.ui.node.RootForTest$UncaughtExceptionHandler getUncaughtExceptionHandler$ui()
androidx.compose.ui.platform.AndroidComposeView: androidx.compose.ui.platform.Clipboard getClipboard()
androidx.compose.runtime.InvalidationResult: androidx.compose.runtime.InvalidationResult valueOf(java.lang.String)
androidx.compose.ui.platform.AndroidComposeView: androidx.compose.ui.node.OutOfFrameExecutor getOutOfFrameExecutor()